c:\users\saxorkh\documents\github\practica4tpv\tpv_p6\proyectossdl\holasdl\debug\vc141.pdb
c:\users\saxorkh\documents\github\practica4tpv\tpv_p6\proyectossdl\holasdl\debug\vc141.idb
c:\users\saxorkh\documents\github\practica4tpv\tpv_p6\proyectossdl\holasdl\debug\freemoveinputcomponent.obj
c:\users\saxorkh\documents\github\practica4tpv\tpv_p6\proyectossdl\holasdl\debug\font.obj
c:\users\saxorkh\documents\github\practica4tpv\tpv_p6\proyectossdl\holasdl\debug\fillrectrenderer.obj
c:\users\saxorkh\documents\github\practica4tpv\tpv_p6\proyectossdl\holasdl\debug\fightersmanager.obj
c:\users\saxorkh\documents\github\practica4tpv\tpv_p6\proyectossdl\holasdl\debug\fighter.obj
c:\users\saxorkh\documents\github\practica4tpv\tpv_p6\proyectossdl\holasdl\debug\demoactor.obj
c:\users\saxorkh\documents\github\practica4tpv\tpv_p6\proyectossdl\holasdl\debug\deactivateonborderexit.obj
c:\users\saxorkh\documents\github\practica4tpv\tpv_p6\proyectossdl\holasdl\debug\container.obj
c:\users\saxorkh\documents\github\practica4tpv\tpv_p6\proyectossdl\holasdl\debug\connectedplayersrenderer.obj
c:\users\saxorkh\documents\github\practica4tpv\tpv_p6\proyectossdl\holasdl\debug\collisions.obj
c:\users\saxorkh\documents\github\practica4tpv\tpv_p6\proyectossdl\holasdl\debug\collisionmanager.obj
c:\users\saxorkh\documents\github\practica4tpv\tpv_p6\proyectossdl\holasdl\debug\clientconnection.obj
c:\users\saxorkh\documents\github\practica4tpv\tpv_p6\proyectossdl\holasdl\debug\circularmotionphysics.obj
c:\users\saxorkh\documents\github\practica4tpv\tpv_p6\proyectossdl\holasdl\debug\bulletsmanager.obj
c:\users\saxorkh\documents\github\practica4tpv\tpv_p6\proyectossdl\holasdl\debug\bullet.obj
c:\users\saxorkh\documents\github\practica4tpv\tpv_p6\proyectossdl\holasdl\debug\basicmotionphysics.obj
c:\users\saxorkh\documents\github\practica4tpv\tpv_p6\proyectossdl\holasdl\debug\basickbctrlcomponent.obj
c:\users\saxorkh\documents\github\practica4tpv\tpv_p6\proyectossdl\holasdl\debug\asteroidsmanager.obj
c:\users\saxorkh\documents\github\practica4tpv\tpv_p6\proyectossdl\holasdl\debug\asteroidsgame.obj
c:\users\saxorkh\documents\github\practica4tpv\tpv_p6\proyectossdl\holasdl\debug\asteroid.obj
c:\users\saxorkh\documents\github\practica4tpv\tpv_p6\proyectossdl\holasdl\debug\sdlgame.obj
c:\users\saxorkh\documents\github\practica4tpv\tpv_p6\proyectossdl\holasdl\debug\rotationphysics.obj
c:\users\saxorkh\documents\github\practica4tpv\tpv_p6\proyectossdl\holasdl\debug\resources.obj
c:\users\saxorkh\documents\github\practica4tpv\tpv_p6\proyectossdl\holasdl\debug\rendercomponent.obj
c:\users\saxorkh\documents\github\practica4tpv\tpv_p6\proyectossdl\holasdl\debug\playersinforenderer.obj
c:\users\saxorkh\documents\github\practica4tpv\tpv_p6\proyectossdl\holasdl\debug\physicscomponent.obj
c:\users\saxorkh\documents\github\practica4tpv\tpv_p6\proyectossdl\holasdl\debug\observer.obj
c:\users\saxorkh\documents\github\practica4tpv\tpv_p6\proyectossdl\holasdl\debug\observable.obj
c:\users\saxorkh\documents\github\practica4tpv\tpv_p6\proyectossdl\holasdl\debug\networkmessenger.obj
c:\users\saxorkh\documents\github\practica4tpv\tpv_p6\proyectossdl\holasdl\debug\networkmessanger.obj
c:\users\saxorkh\documents\github\practica4tpv\tpv_p6\proyectossdl\holasdl\debug\music.obj
c:\users\saxorkh\documents\github\practica4tpv\tpv_p6\proyectossdl\holasdl\debug\main.obj
c:\users\saxorkh\documents\github\practica4tpv\tpv_p6\proyectossdl\holasdl\debug\inputcomponent.obj
c:\users\saxorkh\documents\github\practica4tpv\tpv_p6\proyectossdl\holasdl\debug\inboundsmotionphysics.obj
c:\users\saxorkh\documents\github\practica4tpv\tpv_p6\proyectossdl\holasdl\debug\imagerenderer.obj
c:\users\saxorkh\documents\github\practica4tpv\tpv_p6\proyectossdl\holasdl\debug\guninputcomponent.obj
c:\users\saxorkh\documents\github\practica4tpv\tpv_p6\proyectossdl\holasdl\debug\gamestatusrenderer.obj
c:\users\saxorkh\documents\github\practica4tpv\tpv_p6\proyectossdl\holasdl\debug\gameobject.obj
c:\users\saxorkh\documents\github\practica4tpv\tpv_p6\proyectossdl\holasdl\debug\gamemanager.obj
c:\users\saxorkh\documents\github\practica4tpv\tpv_p6\proyectossdl\holasdl\debug\gamectrlinputcomponent.obj
c:\users\saxorkh\documents\github\practica4tpv\tpv_p6\proyectossdl\holasdl\debug\vector2d.obj
c:\users\saxorkh\documents\github\practica4tpv\tpv_p6\proyectossdl\holasdl\debug\texture.obj
c:\users\saxorkh\documents\github\practica4tpv\tpv_p6\proyectossdl\holasdl\debug\soundeffect.obj
c:\users\saxorkh\documents\github\practica4tpv\tpv_p6\proyectossdl\holasdl\debug\skeletonrenderer.obj
c:\users\saxorkh\documents\github\practica4tpv\tpv_p6\proyectossdl\holasdl\debug\server.obj
c:\users\saxorkh\documents\github\practica4tpv\tpv_p6\proyectossdl\bin\holasdldebug.lib
c:\users\saxorkh\documents\github\practica4tpv\tpv_p6\proyectossdl\bin\holasdldebug.exp
c:\users\saxorkh\documents\github\practica4tpv\tpv_p6\proyectossdl\bin\holasdldebug.ilk
c:\users\saxorkh\documents\github\practica4tpv\tpv_p6\proyectossdl\bin\holasdldebug.exe
c:\users\saxorkh\documents\github\practica4tpv\tpv_p6\proyectossdl\bin\holasdldebug.pdb
c:\users\saxorkh\documents\github\practica4tpv\tpv_p6\proyectossdl\holasdl\debug\holasdl.tlog\cl.command.1.tlog
c:\users\saxorkh\documents\github\practica4tpv\tpv_p6\proyectossdl\holasdl\debug\holasdl.tlog\cl.read.1.tlog
c:\users\saxorkh\documents\github\practica4tpv\tpv_p6\proyectossdl\holasdl\debug\holasdl.tlog\cl.write.1.tlog
c:\users\saxorkh\documents\github\practica4tpv\tpv_p6\proyectossdl\holasdl\debug\holasdl.tlog\holasdl.write.1u.tlog
c:\users\saxorkh\documents\github\practica4tpv\tpv_p6\proyectossdl\holasdl\debug\holasdl.tlog\link.command.1.tlog
c:\users\saxorkh\documents\github\practica4tpv\tpv_p6\proyectossdl\holasdl\debug\holasdl.tlog\link.read.1.tlog
c:\users\saxorkh\documents\github\practica4tpv\tpv_p6\proyectossdl\holasdl\debug\holasdl.tlog\link.write.1.tlog
